[2025-12-07 01:09:59] [SUCCESS] Module: test_module_1951 | User: 51 | Message: Test message 7084
[2025-12-07 01:09:59] [SUCCESS] Module: test_module_1639 | User: 79 | Message: Test message 2381
[2025-12-07 01:09:59] [SUCCESS] Module: test_module_7543 | User: 11 | Message: Test message 8938
[2025-12-07 01:09:59] [FAILED] Module: test_module_5618 | User: 39 | Message: Test message 1545
[2025-12-07 01:09:59] [SUCCESS] Module: test_module_5715 | User: 87 | Message: Test message 1467
[2025-12-07 01:09:59] [SUCCESS] Module: test_module_1233 | User: 31 | Message: Test message 7925
[2025-12-07 01:09:59] [SUCCESS] Module: test_module_5890 | User: 74 | Message: Test message 3002
[2025-12-07 01:09:59] [SUCCESS] Module: test_module_2244 | User: 95 | Message: Test message 2557
[2025-12-07 01:09:59] [FAILED] Module: test_module_2417 | User: 78 | Message: Test message 7032
[2025-12-07 01:09:59] [FAILED] Module: test_module_9725 | User: 60 | Message: Test message 2408
[2025-12-07 01:09:59] [SUCCESS] Module: test_module_1678 | User: 51 | Message: Test message 2481
[2025-12-07 01:09:59] [SUCCESS] Module: test_module_8478 | User: 53 | Message: Test message 9174
[2025-12-07 01:09:59] [SUCCESS] Module: test_module_8680 | User: 95 | Message: Test message 7249
[2025-12-07 01:09:59] [FAILED] Module: test_module_2110 | User: 36 | Message: Test message 1216
[2025-12-07 01:09:59] [SUCCESS] Module: test_module_4245 | User: 34 | Message: Test message 5780
[2025-12-07 01:09:59] [FAILED] Module: test_module_5437 | User: 17 | Message: Test message 6640
[2025-12-07 01:09:59] [FAILED] Module: test_module_7842 | User: 7 | Message: Test message 9020
[2025-12-07 01:09:59] [FAILED] Module: test_module_5073 | User: 84 | Message: Test message 5351
[2025-12-07 01:09:59] [SUCCESS] Module: test_module_9033 | User: 70 | Message: Test message 7897
[2025-12-07 01:09:59] [FAILED] Module: test_module_3104 | User: 65 | Message: Test message 4175
[2025-12-07 01:09:59] [FAILED] Module: test_module_9515 | User: 83 | Message: Test message 6434
[2025-12-07 01:09:59] [FAILED] Module: test_module_6857 | User: 19 | Message: Test message 1600
[2025-12-07 01:09:59] [SUCCESS] Module: test_module_9292 | User: 46 | Message: Test message 8716
[2025-12-07 01:09:59] [SUCCESS] Module: test_module_8163 | User: 76 | Message: Test message 2922
[2025-12-07 01:09:59] [SUCCESS] Module: test_module_1448 | User: 97 | Message: Test message 8141
[2025-12-07 01:09:59] [FAILED] Module: test_module_9483 | User: 44 | Message: Test message 4089
[2025-12-07 01:09:59] [FAILED] Module: test_module_3438 | User: 7 | Message: Test message 6632
[2025-12-07 01:09:59] [FAILED] Module: test_module_5390 | User: 86 | Message: Test message 7471
[2025-12-07 01:09:59] [SUCCESS] Module: test_module_3616 | User: 53 | Message: Test message 9600
[2025-12-07 01:09:59] [FAILED] Module: test_module_7933 | User: 72 | Message: Test message 6890
[2025-12-07 01:09:59] [FAILED] Module: test_module_5222 | User: 93 | Message: Test message 3624
[2025-12-07 01:09:59] [FAILED] Module: test_module_6822 | User: 42 | Message: Test message 5277
[2025-12-07 01:09:59] [FAILED] Module: test_module_7097 | User: 97 | Message: Test message 8226
[2025-12-07 01:09:59] [FAILED] Module: test_module_1568 | User: 95 | Message: Test message 7912
[2025-12-07 01:09:59] [FAILED] Module: test_module_3631 | User: 55 | Message: Test message 8669
[2025-12-07 01:09:59] [FAILED] Module: test_module_9979 | User: 82 | Message: Test message 4230
[2025-12-07 01:09:59] [SUCCESS] Module: test_module_9863 | User: 7 | Message: Test message 2005
[2025-12-07 01:09:59] [FAILED] Module: test_module_7570 | User: 55 | Message: Test message 3307
[2025-12-07 01:09:59] [FAILED] Module: test_module_1839 | User: 93 | Message: Test message 3618
[2025-12-07 01:09:59] [FAILED] Module: test_module_6874 | User: 33 | Message: Test message 9575
[2025-12-07 01:09:59] [FAILED] Module: test_module_3449 | User: 43 | Message: Test message 7714
[2025-12-07 01:09:59] [FAILED] Module: test_module_5254 | User: 25 | Message: Test message 7992
[2025-12-07 01:09:59] [SUCCESS] Module: test_module_8727 | User: 34 | Message: Test message 9314
[2025-12-07 01:09:59] [SUCCESS] Module: test_module_7897 | User: 64 | Message: Test message 2303
[2025-12-07 01:09:59] [SUCCESS] Module: test_module_9610 | User: 73 | Message: Test message 7603
[2025-12-07 01:09:59] [FAILED] Module: test_module_2802 | User: 78 | Message: Test message 4559
[2025-12-07 01:09:59] [SUCCESS] Module: test_module_4474 | User: 90 | Message: Test message 2535
[2025-12-07 01:09:59] [FAILED] Module: test_module_2601 | User: 8 | Message: Test message 8326
[2025-12-07 01:09:59] [FAILED] Module: test_module_3826 | User: 23 | Message: Test message 3134
[2025-12-07 01:09:59] [FAILED] Module: test_module_7305 | User: 93 | Message: Test message 7796
[2025-12-07 01:09:59] [SUCCESS] Module: test_module_3680 | User: 16 | Message: Test message 1856
[2025-12-07 01:09:59] [SUCCESS] Module: test_module_7465 | User: 21 | Message: Test message 9315
[2025-12-07 01:09:59] [FAILED] Module: test_module_7852 | User: 95 | Message: Test message 8308
[2025-12-07 01:09:59] [FAILED] Module: test_module_9836 | User: 19 | Message: Test message 3948
[2025-12-07 01:09:59] [SUCCESS] Module: test_module_7675 | User: 44 | Message: Test message 1715
[2025-12-07 01:09:59] [FAILED] Module: test_module_7804 | User: 92 | Message: Test message 5684
[2025-12-07 01:09:59] [SUCCESS] Module: test_module_4992 | User: 4 | Message: Test message 5917
[2025-12-07 01:09:59] [FAILED] Module: test_module_7739 | User: 41 | Message: Test message 7522
[2025-12-07 01:09:59] [SUCCESS] Module: test_module_4619 | User: 58 | Message: Test message 2592
[2025-12-07 01:09:59] [SUCCESS] Module: test_module_7835 | User: 54 | Message: Test message 4113
[2025-12-07 01:09:59] [SUCCESS] Module: test_module_2127 | User: 68 | Message: Test message 8418
[2025-12-07 01:09:59] [FAILED] Module: test_module_5236 | User: 64 | Message: Test message 7733
[2025-12-07 01:09:59] [SUCCESS] Module: test_module_5455 | User: 39 | Message: Test message 3496
[2025-12-07 01:09:59] [FAILED] Module: test_module_8490 | User: 9 | Message: Test message 1511
[2025-12-07 01:09:59] [FAILED] Module: test_module_3622 | User: 21 | Message: Test message 1368
[2025-12-07 01:09:59] [SUCCESS] Module: test_module_6502 | User: 86 | Message: Test message 6041
[2025-12-07 01:09:59] [FAILED] Module: test_module_2185 | User: 58 | Message: Test message 9721
[2025-12-07 01:09:59] [SUCCESS] Module: test_module_5220 | User: 13 | Message: Test message 5423
[2025-12-07 01:09:59] [FAILED] Module: test_module_8312 | User: 29 | Message: Test message 9226
[2025-12-07 01:09:59] [SUCCESS] Module: test_module_9234 | User: 95 | Message: Test message 2672
[2025-12-07 01:09:59] [SUCCESS] Module: test_module_2785 | User: 47 | Message: Test message 1837
[2025-12-07 01:09:59] [FAILED] Module: test_module_4387 | User: 29 | Message: Test message 8219
[2025-12-07 01:09:59] [FAILED] Module: test_module_6264 | User: 54 | Message: Test message 9420
[2025-12-07 01:09:59] [SUCCESS] Module: test_module_9888 | User: 42 | Message: Test message 9880
[2025-12-07 01:09:59] [FAILED] Module: test_module_2005 | User: 94 | Message: Test message 5348
[2025-12-07 01:09:59] [FAILED] Module: test_module_4086 | User: 33 | Message: Test message 8719
[2025-12-07 01:09:59] [SUCCESS] Module: test_module_5006 | User: 46 | Message: Test message 7460
[2025-12-07 01:09:59] [SUCCESS] Module: test_module_7200 | User: 18 | Message: Test message 2996
[2025-12-07 01:09:59] [FAILED] Module: test_module_1334 | User: 52 | Message: Test message 1492
[2025-12-07 01:09:59] [SUCCESS] Module: test_module_4763 | User: 13 | Message: Test message 5354
[2025-12-07 01:09:59] [SUCCESS] Module: test_module_4978 | User: 21 | Message: Test message 8182
[2025-12-07 01:09:59] [FAILED] Module: test_module_9655 | User: 84 | Message: Test message 6207
[2025-12-07 01:09:59] [FAILED] Module: test_module_3696 | User: 94 | Message: Test message 8460
[2025-12-07 01:09:59] [FAILED] Module: test_module_6362 | User: 95 | Message: Test message 4957
[2025-12-07 01:09:59] [FAILED] Module: test_module_4553 | User: 10 | Message: Test message 4215
[2025-12-07 01:09:59] [SUCCESS] Module: test_module_7862 | User: 69 | Message: Test message 3163
[2025-12-07 01:09:59] [SUCCESS] Module: test_module_9971 | User: 50 | Message: Test message 2416
[2025-12-07 01:09:59] [SUCCESS] Module: test_module_4745 | User: 1 | Message: Test message 6856
[2025-12-07 01:09:59] [FAILED] Module: test_module_6582 | User: 69 | Message: Test message 8414
[2025-12-07 01:09:59] [SUCCESS] Module: test_module_8317 | User: 38 | Message: Test message 4353
[2025-12-07 01:09:59] [SUCCESS] Module: test_module_1857 | User: 39 | Message: Test message 8151
[2025-12-07 01:09:59] [FAILED] Module: test_module_6879 | User: 6 | Message: Test message 4411
[2025-12-07 01:09:59] [SUCCESS] Module: test_module_7570 | User: 73 | Message: Test message 4310
[2025-12-07 01:09:59] [FAILED] Module: test_module_8723 | User: 27 | Message: Test message 7761
[2025-12-07 01:09:59] [FAILED] Module: test_module_7701 | User: 11 | Message: Test message 8789
[2025-12-07 01:09:59] [FAILED] Module: test_module_7992 | User: 67 | Message: Test message 4939
[2025-12-07 01:09:59] [SUCCESS] Module: test_module_2826 | User: 86 | Message: Test message 8937
[2025-12-07 01:09:59] [SUCCESS] Module: test_module_5931 | User: 44 | Message: Test message 8744
[2025-12-07 01:09:59] [FAILED] Module: test_module_9928 | User: 85 | Message: Test message 9255
[2025-12-07 01:09:59] [SUCCESS] Module: test_module_4890 | User: 67 | Message: Test message 6236
[2025-12-07 01:10:27] [FAILED] Module: test_module_8224 | User: 77 | Message: Test message 8576
[2025-12-07 01:10:27] [SUCCESS] Module: test_module_5761 | User: 37 | Message: Test message 2457
[2025-12-07 01:10:27] [FAILED] Module: test_module_2820 | User: 6 | Message: Test message 2280
[2025-12-07 01:10:27] [FAILED] Module: test_module_8975 | User: 8 | Message: Test message 9360
[2025-12-07 01:10:27] [SUCCESS] Module: test_module_3558 | User: 68 | Message: Test message 4705
[2025-12-07 01:10:27] [FAILED] Module: test_module_1598 | User: 15 | Message: Test message 1255
[2025-12-07 01:10:27] [SUCCESS] Module: test_module_1753 | User: 81 | Message: Test message 9590
[2025-12-07 01:10:27] [SUCCESS] Module: test_module_8871 | User: 1 | Message: Test message 8237
[2025-12-07 01:10:27] [SUCCESS] Module: test_module_4533 | User: 87 | Message: Test message 2891
[2025-12-07 01:10:27] [FAILED] Module: test_module_2844 | User: 42 | Message: Test message 2104
[2025-12-07 01:10:27] [FAILED] Module: test_module_2716 | User: 39 | Message: Test message 6189
[2025-12-07 01:10:27] [FAILED] Module: test_module_7071 | User: 62 | Message: Test message 3406
[2025-12-07 01:10:27] [FAILED] Module: test_module_1797 | User: 84 | Message: Test message 6870
[2025-12-07 01:10:27] [FAILED] Module: test_module_6088 | User: 59 | Message: Test message 3938
[2025-12-07 01:10:27] [FAILED] Module: test_module_1747 | User: 62 | Message: Test message 9628
[2025-12-07 01:10:27] [FAILED] Module: test_module_6584 | User: 58 | Message: Test message 5181
[2025-12-07 01:10:27] [FAILED] Module: test_module_2251 | User: 37 | Message: Test message 2014
[2025-12-07 01:10:27] [FAILED] Module: test_module_7683 | User: 93 | Message: Test message 8663
[2025-12-07 01:10:27] [SUCCESS] Module: test_module_9576 | User: 23 | Message: Test message 8793
[2025-12-07 01:10:27] [FAILED] Module: test_module_9238 | User: 96 | Message: Test message 5223
[2025-12-07 01:10:27] [SUCCESS] Module: test_module_3165 | User: 49 | Message: Test message 6549
[2025-12-07 01:10:27] [FAILED] Module: test_module_1361 | User: 69 | Message: Test message 4213
[2025-12-07 01:10:27] [FAILED] Module: test_module_1372 | User: 80 | Message: Test message 4755
[2025-12-07 01:10:27] [FAILED] Module: test_module_2064 | User: 87 | Message: Test message 7742
[2025-12-07 01:10:27] [FAILED] Module: test_module_1508 | User: 92 | Message: Test message 2707
[2025-12-07 01:10:27] [FAILED] Module: test_module_9974 | User: 72 | Message: Test message 3387
[2025-12-07 01:10:27] [SUCCESS] Module: test_module_6953 | User: 10 | Message: Test message 3976
[2025-12-07 01:10:27] [FAILED] Module: test_module_9922 | User: 39 | Message: Test message 2537
[2025-12-07 01:10:27] [FAILED] Module: test_module_5210 | User: 66 | Message: Test message 1445
[2025-12-07 01:10:27] [FAILED] Module: test_module_3226 | User: 30 | Message: Test message 8377
[2025-12-07 01:10:27] [FAILED] Module: test_module_7040 | User: 46 | Message: Test message 9946
[2025-12-07 01:10:27] [SUCCESS] Module: test_module_6105 | User: 73 | Message: Test message 6913
[2025-12-07 01:10:27] [SUCCESS] Module: test_module_1272 | User: 50 | Message: Test message 7248
[2025-12-07 01:10:27] [FAILED] Module: test_module_6934 | User: 79 | Message: Test message 1480
[2025-12-07 01:10:27] [SUCCESS] Module: test_module_2995 | User: 15 | Message: Test message 2992
[2025-12-07 01:10:27] [FAILED] Module: test_module_5543 | User: 55 | Message: Test message 4932
[2025-12-07 01:10:27] [SUCCESS] Module: test_module_7342 | User: 59 | Message: Test message 9790
[2025-12-07 01:10:27] [SUCCESS] Module: test_module_3769 | User: 21 | Message: Test message 7114
[2025-12-07 01:10:27] [FAILED] Module: test_module_9350 | User: 4 | Message: Test message 8134
[2025-12-07 01:10:27] [SUCCESS] Module: test_module_7963 | User: 70 | Message: Test message 2611
[2025-12-07 01:10:27] [FAILED] Module: test_module_7046 | User: 30 | Message: Test message 1957
[2025-12-07 01:10:27] [FAILED] Module: test_module_9728 | User: 47 | Message: Test message 1175
[2025-12-07 01:10:27] [FAILED] Module: test_module_9420 | User: 69 | Message: Test message 5277
[2025-12-07 01:10:27] [FAILED] Module: test_module_2345 | User: 95 | Message: Test message 6097
[2025-12-07 01:10:27] [SUCCESS] Module: test_module_1252 | User: 24 | Message: Test message 8102
[2025-12-07 01:10:27] [SUCCESS] Module: test_module_7044 | User: 98 | Message: Test message 1865
[2025-12-07 01:10:27] [SUCCESS] Module: test_module_2719 | User: 36 | Message: Test message 4666
[2025-12-07 01:10:27] [FAILED] Module: test_module_2463 | User: 24 | Message: Test message 3278
[2025-12-07 01:10:27] [SUCCESS] Module: test_module_9991 | User: 97 | Message: Test message 6503
[2025-12-07 01:10:27] [SUCCESS] Module: test_module_7400 | User: 61 | Message: Test message 4938
[2025-12-07 01:10:27] [FAILED] Module: test_module_2383 | User: 33 | Message: Test message 4305
[2025-12-07 01:10:27] [FAILED] Module: test_module_8417 | User: 34 | Message: Test message 1995
[2025-12-07 01:10:27] [FAILED] Module: test_module_1559 | User: 2 | Message: Test message 2130
[2025-12-07 01:10:27] [SUCCESS] Module: test_module_3324 | User: 48 | Message: Test message 6118
[2025-12-07 01:10:27] [SUCCESS] Module: test_module_2075 | User: 91 | Message: Test message 4761
[2025-12-07 01:10:27] [FAILED] Module: test_module_6015 | User: 47 | Message: Test message 6879
[2025-12-07 01:10:27] [SUCCESS] Module: test_module_3218 | User: 19 | Message: Test message 3634
[2025-12-07 01:10:27] [SUCCESS] Module: test_module_9803 | User: 93 | Message: Test message 7310
[2025-12-07 01:10:27] [FAILED] Module: test_module_9355 | User: 4 | Message: Test message 1592
[2025-12-07 01:10:27] [SUCCESS] Module: test_module_4705 | User: 25 | Message: Test message 8362
[2025-12-07 01:10:27] [SUCCESS] Module: test_module_4323 | User: 18 | Message: Test message 8356
[2025-12-07 01:10:27] [SUCCESS] Module: test_module_2459 | User: 7 | Message: Test message 6412
[2025-12-07 01:10:27] [FAILED] Module: test_module_6393 | User: 47 | Message: Test message 1323
[2025-12-07 01:10:27] [SUCCESS] Module: test_module_5792 | User: 67 | Message: Test message 4209
[2025-12-07 01:10:27] [FAILED] Module: test_module_8813 | User: 33 | Message: Test message 9235
[2025-12-07 01:10:27] [SUCCESS] Module: test_module_7478 | User: 56 | Message: Test message 7715
[2025-12-07 01:10:27] [SUCCESS] Module: test_module_9237 | User: 91 | Message: Test message 6197
[2025-12-07 01:10:27] [SUCCESS] Module: test_module_4197 | User: 54 | Message: Test message 1275
[2025-12-07 01:10:27] [SUCCESS] Module: test_module_1037 | User: 70 | Message: Test message 6411
[2025-12-07 01:10:27] [SUCCESS] Module: test_module_4129 | User: 83 | Message: Test message 1144
[2025-12-07 01:10:27] [SUCCESS] Module: test_module_7203 | User: 8 | Message: Test message 6942
[2025-12-07 01:10:27] [SUCCESS] Module: test_module_6357 | User: 35 | Message: Test message 6781
[2025-12-07 01:10:27] [SUCCESS] Module: test_module_5835 | User: 88 | Message: Test message 3907
[2025-12-07 01:10:27] [SUCCESS] Module: test_module_3277 | User: 45 | Message: Test message 8349
[2025-12-07 01:10:27] [FAILED] Module: test_module_6938 | User: 33 | Message: Test message 2688
[2025-12-07 01:10:27] [SUCCESS] Module: test_module_2647 | User: 4 | Message: Test message 3092
[2025-12-07 01:10:27] [FAILED] Module: test_module_2813 | User: 20 | Message: Test message 5765
[2025-12-07 01:10:27] [FAILED] Module: test_module_4740 | User: 9 | Message: Test message 9480
[2025-12-07 01:10:27] [FAILED] Module: test_module_3104 | User: 74 | Message: Test message 6790
[2025-12-07 01:10:27] [FAILED] Module: test_module_5420 | User: 38 | Message: Test message 6846
[2025-12-07 01:10:27] [FAILED] Module: test_module_6366 | User: 6 | Message: Test message 5261
[2025-12-07 01:10:27] [FAILED] Module: test_module_6710 | User: 80 | Message: Test message 5595
[2025-12-07 01:10:27] [FAILED] Module: test_module_8824 | User: 33 | Message: Test message 6982
[2025-12-07 01:10:27] [FAILED] Module: test_module_7014 | User: 71 | Message: Test message 2021
[2025-12-07 01:10:27] [FAILED] Module: test_module_5599 | User: 37 | Message: Test message 9070
[2025-12-07 01:10:27] [SUCCESS] Module: test_module_6884 | User: 27 | Message: Test message 2182
[2025-12-07 01:10:27] [SUCCESS] Module: test_module_8356 | User: 99 | Message: Test message 1236
[2025-12-07 01:10:27] [FAILED] Module: test_module_5716 | User: 10 | Message: Test message 4019
[2025-12-07 01:10:27] [SUCCESS] Module: test_module_1671 | User: 19 | Message: Test message 1444
[2025-12-07 01:10:27] [SUCCESS] Module: test_module_5397 | User: 60 | Message: Test message 1881
[2025-12-07 01:10:27] [FAILED] Module: test_module_8669 | User: 99 | Message: Test message 4527
[2025-12-07 01:10:27] [FAILED] Module: test_module_8802 | User: 20 | Message: Test message 7517
[2025-12-07 01:10:27] [FAILED] Module: test_module_6725 | User: 91 | Message: Test message 1627
[2025-12-07 01:10:27] [FAILED] Module: test_module_3681 | User: 79 | Message: Test message 2486
[2025-12-07 01:10:27] [FAILED] Module: test_module_6115 | User: 85 | Message: Test message 7113
[2025-12-07 01:10:27] [SUCCESS] Module: test_module_2679 | User: 13 | Message: Test message 4343
[2025-12-07 01:10:27] [SUCCESS] Module: test_module_4273 | User: 25 | Message: Test message 4128
[2025-12-07 01:10:27] [FAILED] Module: test_module_1336 | User: 76 | Message: Test message 9565
[2025-12-07 01:10:27] [FAILED] Module: test_module_7157 | User: 3 | Message: Test message 2173
[2025-12-07 01:10:27] [FAILED] Module: test_module_6763 | User: 54 | Message: Test message 1917
[2025-12-07 04:06:57] [FAILED] Module: test_module_5196 | User: 62 | Message: Test message 7241
[2025-12-07 04:06:57] [SUCCESS] Module: test_module_8555 | User: 1 | Message: Test message 8075
[2025-12-07 04:06:57] [SUCCESS] Module: test_module_2201 | User: 41 | Message: Test message 1527
[2025-12-07 04:06:57] [SUCCESS] Module: test_module_1211 | User: 85 | Message: Test message 6730
[2025-12-07 04:06:57] [SUCCESS] Module: test_module_8834 | User: 36 | Message: Test message 1917
[2025-12-07 04:06:57] [SUCCESS] Module: test_module_7010 | User: 81 | Message: Test message 6180
[2025-12-07 04:06:57] [FAILED] Module: test_module_2812 | User: 46 | Message: Test message 7900
[2025-12-07 04:06:57] [FAILED] Module: test_module_2223 | User: 12 | Message: Test message 3759
[2025-12-07 04:06:57] [SUCCESS] Module: test_module_8960 | User: 55 | Message: Test message 9537
[2025-12-07 04:06:57] [FAILED] Module: test_module_3870 | User: 68 | Message: Test message 7186
[2025-12-07 04:06:57] [SUCCESS] Module: test_module_8148 | User: 82 | Message: Test message 8560
[2025-12-07 04:06:57] [FAILED] Module: test_module_5096 | User: 71 | Message: Test message 7248
[2025-12-07 04:06:57] [SUCCESS] Module: test_module_5900 | User: 100 | Message: Test message 8365
[2025-12-07 04:06:57] [SUCCESS] Module: test_module_7460 | User: 58 | Message: Test message 8227
[2025-12-07 04:06:57] [SUCCESS] Module: test_module_5715 | User: 44 | Message: Test message 7280
[2025-12-07 04:06:57] [FAILED] Module: test_module_9987 | User: 64 | Message: Test message 4043
[2025-12-07 04:06:57] [FAILED] Module: test_module_5698 | User: 16 | Message: Test message 6425
[2025-12-07 04:06:57] [FAILED] Module: test_module_7820 | User: 79 | Message: Test message 1048
[2025-12-07 04:06:57] [SUCCESS] Module: test_module_3848 | User: 35 | Message: Test message 6783
[2025-12-07 04:06:57] [SUCCESS] Module: test_module_5066 | User: 55 | Message: Test message 8762
[2025-12-07 04:06:57] [FAILED] Module: test_module_3168 | User: 13 | Message: Test message 6619
[2025-12-07 04:06:57] [SUCCESS] Module: test_module_8303 | User: 96 | Message: Test message 7508
[2025-12-07 04:06:57] [SUCCESS] Module: test_module_3834 | User: 27 | Message: Test message 2195
[2025-12-07 04:06:57] [SUCCESS] Module: test_module_9130 | User: 94 | Message: Test message 5665
[2025-12-07 04:06:57] [SUCCESS] Module: test_module_2236 | User: 75 | Message: Test message 7538
[2025-12-07 04:06:57] [FAILED] Module: test_module_1628 | User: 79 | Message: Test message 6151
[2025-12-07 04:06:57] [SUCCESS] Module: test_module_2852 | User: 88 | Message: Test message 5035
[2025-12-07 04:06:57] [FAILED] Module: test_module_3436 | User: 82 | Message: Test message 5581
[2025-12-07 04:06:57] [FAILED] Module: test_module_9164 | User: 2 | Message: Test message 6688
[2025-12-07 04:06:57] [FAILED] Module: test_module_4647 | User: 78 | Message: Test message 5937
[2025-12-07 04:06:57] [FAILED] Module: test_module_3968 | User: 50 | Message: Test message 5324
[2025-12-07 04:06:57] [SUCCESS] Module: test_module_1438 | User: 30 | Message: Test message 6858
[2025-12-07 04:06:57] [FAILED] Module: test_module_7898 | User: 97 | Message: Test message 8783
[2025-12-07 04:06:57] [SUCCESS] Module: test_module_1078 | User: 34 | Message: Test message 1170
[2025-12-07 04:06:57] [FAILED] Module: test_module_6503 | User: 87 | Message: Test message 1469
[2025-12-07 04:06:57] [FAILED] Module: test_module_8324 | User: 93 | Message: Test message 3947
[2025-12-07 04:06:57] [SUCCESS] Module: test_module_7614 | User: 55 | Message: Test message 6388
[2025-12-07 04:06:57] [SUCCESS] Module: test_module_2361 | User: 30 | Message: Test message 7387
[2025-12-07 04:06:57] [FAILED] Module: test_module_2529 | User: 73 | Message: Test message 9133
[2025-12-07 04:06:57] [FAILED] Module: test_module_1514 | User: 98 | Message: Test message 8497
[2025-12-07 04:06:57] [FAILED] Module: test_module_8212 | User: 83 | Message: Test message 1367
[2025-12-07 04:06:57] [SUCCESS] Module: test_module_8777 | User: 89 | Message: Test message 4166
[2025-12-07 04:06:57] [SUCCESS] Module: test_module_6474 | User: 52 | Message: Test message 6674
[2025-12-07 04:06:57] [SUCCESS] Module: test_module_4859 | User: 5 | Message: Test message 7437
[2025-12-07 04:06:57] [SUCCESS] Module: test_module_7986 | User: 94 | Message: Test message 5899
[2025-12-07 04:06:57] [FAILED] Module: test_module_1195 | User: 100 | Message: Test message 1343
[2025-12-07 04:06:57] [SUCCESS] Module: test_module_6208 | User: 89 | Message: Test message 3165
[2025-12-07 04:06:57] [SUCCESS] Module: test_module_2986 | User: 19 | Message: Test message 1825
[2025-12-07 04:06:57] [SUCCESS] Module: test_module_3110 | User: 65 | Message: Test message 3685
[2025-12-07 04:06:57] [FAILED] Module: test_module_3607 | User: 71 | Message: Test message 4085
[2025-12-07 04:06:57] [SUCCESS] Module: test_module_5896 | User: 61 | Message: Test message 6903
[2025-12-07 04:06:57] [SUCCESS] Module: test_module_8894 | User: 22 | Message: Test message 2253
[2025-12-07 04:06:57] [SUCCESS] Module: test_module_6996 | User: 77 | Message: Test message 7218
[2025-12-07 04:06:57] [FAILED] Module: test_module_3517 | User: 44 | Message: Test message 7975
[2025-12-07 04:06:57] [FAILED] Module: test_module_4390 | User: 84 | Message: Test message 6123
[2025-12-07 04:06:57] [FAILED] Module: test_module_1776 | User: 89 | Message: Test message 8653
[2025-12-07 04:06:57] [SUCCESS] Module: test_module_6157 | User: 12 | Message: Test message 8707
[2025-12-07 04:06:57] [FAILED] Module: test_module_3675 | User: 55 | Message: Test message 9553
[2025-12-07 04:06:57] [FAILED] Module: test_module_3808 | User: 86 | Message: Test message 8136
[2025-12-07 04:06:57] [SUCCESS] Module: test_module_6383 | User: 18 | Message: Test message 7804
[2025-12-07 04:06:57] [SUCCESS] Module: test_module_3472 | User: 28 | Message: Test message 8346
[2025-12-07 04:06:57] [SUCCESS] Module: test_module_5179 | User: 23 | Message: Test message 1342
[2025-12-07 04:06:57] [FAILED] Module: test_module_2006 | User: 40 | Message: Test message 5454
[2025-12-07 04:06:57] [SUCCESS] Module: test_module_9147 | User: 3 | Message: Test message 6300
[2025-12-07 04:06:57] [SUCCESS] Module: test_module_8390 | User: 80 | Message: Test message 8274
[2025-12-07 04:06:57] [SUCCESS] Module: test_module_3145 | User: 47 | Message: Test message 7034
[2025-12-07 04:06:57] [SUCCESS] Module: test_module_2356 | User: 22 | Message: Test message 9604
[2025-12-07 04:06:57] [FAILED] Module: test_module_3942 | User: 88 | Message: Test message 8258
[2025-12-07 04:06:57] [FAILED] Module: test_module_5438 | User: 52 | Message: Test message 1061
[2025-12-07 04:06:57] [FAILED] Module: test_module_3588 | User: 76 | Message: Test message 3913
[2025-12-07 04:06:57] [SUCCESS] Module: test_module_2681 | User: 57 | Message: Test message 2007
[2025-12-07 04:06:57] [FAILED] Module: test_module_3233 | User: 66 | Message: Test message 8437
[2025-12-07 04:06:57] [SUCCESS] Module: test_module_8300 | User: 80 | Message: Test message 8591
[2025-12-07 04:06:57] [FAILED] Module: test_module_9950 | User: 10 | Message: Test message 2399
[2025-12-07 04:06:57] [FAILED] Module: test_module_7955 | User: 50 | Message: Test message 4445
[2025-12-07 04:06:57] [SUCCESS] Module: test_module_2463 | User: 74 | Message: Test message 7119
[2025-12-07 04:06:57] [FAILED] Module: test_module_7100 | User: 65 | Message: Test message 7231
[2025-12-07 04:06:57] [SUCCESS] Module: test_module_2246 | User: 40 | Message: Test message 6523
[2025-12-07 04:06:57] [SUCCESS] Module: test_module_4409 | User: 96 | Message: Test message 6221
[2025-12-07 04:06:57] [FAILED] Module: test_module_3474 | User: 56 | Message: Test message 8448
[2025-12-07 04:06:57] [FAILED] Module: test_module_8124 | User: 32 | Message: Test message 5411
[2025-12-07 04:06:57] [FAILED] Module: test_module_2232 | User: 28 | Message: Test message 9781
[2025-12-07 04:06:57] [SUCCESS] Module: test_module_1834 | User: 69 | Message: Test message 6715
[2025-12-07 04:06:57] [FAILED] Module: test_module_5418 | User: 100 | Message: Test message 2079
[2025-12-07 04:06:57] [FAILED] Module: test_module_7256 | User: 81 | Message: Test message 2807
[2025-12-07 04:06:57] [FAILED] Module: test_module_4235 | User: 72 | Message: Test message 6450
[2025-12-07 04:06:57] [FAILED] Module: test_module_1314 | User: 8 | Message: Test message 7077
[2025-12-07 04:06:57] [FAILED] Module: test_module_4734 | User: 75 | Message: Test message 2330
[2025-12-07 04:06:57] [FAILED] Module: test_module_6554 | User: 66 | Message: Test message 7944
[2025-12-07 04:06:57] [SUCCESS] Module: test_module_9301 | User: 55 | Message: Test message 7487
[2025-12-07 04:06:57] [FAILED] Module: test_module_7362 | User: 26 | Message: Test message 8656
[2025-12-07 04:06:57] [FAILED] Module: test_module_9331 | User: 32 | Message: Test message 8810
[2025-12-07 04:06:57] [FAILED] Module: test_module_2179 | User: 90 | Message: Test message 9595
[2025-12-07 04:06:57] [SUCCESS] Module: test_module_2360 | User: 28 | Message: Test message 7467
[2025-12-07 04:06:57] [FAILED] Module: test_module_7813 | User: 27 | Message: Test message 9678
[2025-12-07 04:06:57] [SUCCESS] Module: test_module_9286 | User: 95 | Message: Test message 1902
[2025-12-07 04:06:57] [SUCCESS] Module: test_module_1427 | User: 60 | Message: Test message 4886
[2025-12-07 04:06:57] [FAILED] Module: test_module_2180 | User: 73 | Message: Test message 9500
[2025-12-07 04:06:57] [FAILED] Module: test_module_4048 | User: 81 | Message: Test message 3709
[2025-12-07 04:06:57] [FAILED] Module: test_module_2889 | User: 28 | Message: Test message 2331
